<?xml version="1.0" encoding="UTF-8"?>
<!-- Generated by org.testng.reporters.JUnitReportReporter -->
<testsuite hostname="DESKTOP-E5DMQHE" failures="0" tests="3" name="testscripts.TestOrangeHrmPim" time="86.651" errors="0" timestamp="2023-09-12T08:29:33 IST" skipped="0">
  <testcase classname="testscripts.TestOrangeHrmPim" name="testPimCreation" time="27.894"/>
  <system-out/>
  <testcase classname="testscripts.TestOrangeHrmPim" name="testPimEdit" time="33.839"/>
  <system-out/>
  <testcase classname="testscripts.TestOrangeHrmPim" name="testPimDeletion" time="24.918"/>
  <system-out/>
</testsuite> <!-- testscripts.TestOrangeHrmPim -->
